[01m[K/home/wufy/learn_ros2/chap_node/src/demo_cpp_pkg/src/learn_thread.cpp:[m[K In function ‘[01m[Kint main()[m[K’:
[01m[K/home/wufy/learn_ros2/chap_node/src/demo_cpp_pkg/src/learn_thread.cpp:36:24:[m[K [01;31m[Kerror: [m[Kno matching function for call to ‘[01m[KDownload::start_download(const char [31], main()::<lambda(const string&, const string&)>&)[m[K’
   36 |        [01;31m[Kd.start_download("http://0.0.0.0:8000/novel1.txt",word_counter)[m[K;
      |        [01;31m[K~~~~~~~~~~~~~~~~^~~~~~~~~~~~~~~~~~~~~~~~~~~~~~~~~~~~~~~~~~~~~~~[m[K
[01m[K/home/wufy/learn_ros2/chap_node/src/demo_cpp_pkg/src/learn_thread.cpp:21:14:[m[K [01;36m[Knote: [m[Kcandidate: ‘[01m[Kvoid Download::start_download(const string&, const string&, const std::function<void(const std::__cxx11::basic_string<char>&, const std::__cxx11::basic_string<char>&)>&)[m[K’
   21 |         void [01;36m[Kstart_download[m[K(const std::string& host, const std::string& path, const std::function<void(const std::string&, const std::string&)>& callback)
      |              [01;36m[K^~~~~~~~~~~~~~[m[K
[01m[K/home/wufy/learn_ros2/chap_node/src/demo_cpp_pkg/src/learn_thread.cpp:21:14:[m[K [01;36m[Knote: [m[K  candidate expects 3 arguments, 2 provided
[01m[K/home/wufy/learn_ros2/chap_node/src/demo_cpp_pkg/src/learn_thread.cpp:37:24:[m[K [01;31m[Kerror: [m[Kno matching function for call to ‘[01m[KDownload::start_download(const char [31], main()::<lambda(const string&, const string&)>&)[m[K’
   37 |        [01;31m[Kd.start_download("http://0.0.0.0:8000/novel3.txt",word_counter)[m[K;
      |        [01;31m[K~~~~~~~~~~~~~~~~^~~~~~~~~~~~~~~~~~~~~~~~~~~~~~~~~~~~~~~~~~~~~~~[m[K
[01m[K/home/wufy/learn_ros2/chap_node/src/demo_cpp_pkg/src/learn_thread.cpp:21:14:[m[K [01;36m[Knote: [m[Kcandidate: ‘[01m[Kvoid Download::start_download(const string&, const string&, const std::function<void(const std::__cxx11::basic_string<char>&, const std::__cxx11::basic_string<char>&)>&)[m[K’
   21 |         void [01;36m[Kstart_download[m[K(const std::string& host, const std::string& path, const std::function<void(const std::string&, const std::string&)>& callback)
      |              [01;36m[K^~~~~~~~~~~~~~[m[K
[01m[K/home/wufy/learn_ros2/chap_node/src/demo_cpp_pkg/src/learn_thread.cpp:21:14:[m[K [01;36m[Knote: [m[K  candidate expects 3 arguments, 2 provided
[01m[K/home/wufy/learn_ros2/chap_node/src/demo_cpp_pkg/src/learn_thread.cpp:38:24:[m[K [01;31m[Kerror: [m[Kno matching function for call to ‘[01m[KDownload::start_download(const char [31], main()::<lambda(const string&, const string&)>&)[m[K’
   38 |        [01;31m[Kd.start_download("http://0.0.0.0:8000/novel2.txt",word_counter)[m[K;
      |        [01;31m[K~~~~~~~~~~~~~~~~^~~~~~~~~~~~~~~~~~~~~~~~~~~~~~~~~~~~~~~~~~~~~~~[m[K
[01m[K/home/wufy/learn_ros2/chap_node/src/demo_cpp_pkg/src/learn_thread.cpp:21:14:[m[K [01;36m[Knote: [m[Kcandidate: ‘[01m[Kvoid Download::start_download(const string&, const string&, const std::function<void(const std::__cxx11::basic_string<char>&, const std::__cxx11::basic_string<char>&)>&)[m[K’
   21 |         void [01;36m[Kstart_download[m[K(const std::string& host, const std::string& path, const std::function<void(const std::string&, const std::string&)>& callback)
      |              [01;36m[K^~~~~~~~~~~~~~[m[K
[01m[K/home/wufy/learn_ros2/chap_node/src/demo_cpp_pkg/src/learn_thread.cpp:21:14:[m[K [01;36m[Knote: [m[K  candidate expects 3 arguments, 2 provided
gmake[2]: *** [CMakeFiles/learn_thread.dir/build.make:76：CMakeFiles/learn_thread.dir/src/learn_thread.cpp.o] 错误 1
gmake[1]: *** [CMakeFiles/Makefile2:221：CMakeFiles/learn_thread.dir/all] 错误 2
gmake[1]: *** 正在等待未完成的任务....
gmake: *** [Makefile:146：all] 错误 2
