-- Found ament_cmake: 1.3.11 (/opt/ros/humble/share/ament_cmake/cmake)
-- Found rclcpp: 16.0.11 (/opt/ros/humble/share/rclcpp/cmake)
-- Found rosidl_generator_c: 3.1.6 (/opt/ros/humble/share/rosidl_generator_c/cmake)
-- Found rosidl_adapter: 3.1.6 (/opt/ros/humble/share/rosidl_adapter/cmake)
-- Found rosidl_generator_cpp: 3.1.6 (/opt/ros/humble/share/rosidl_generator_cpp/cmake)
-- Using all available rosidl_typesupport_c: rosidl_typesupport_fastrtps_c;rosidl_typesupport_introspection_c
-- Using all available rosidl_typesupport_cpp: rosidl_typesupport_fastrtps_cpp;rosidl_typesupport_introspection_cpp
-- Found rmw_implementation_cmake: 6.1.2 (/opt/ros/humble/share/rmw_implementation_cmake/cmake)
-- Found rmw_fastrtps_cpp: 6.2.7 (/opt/ros/humble/share/rmw_fastrtps_cpp/cmake)
-- Using RMW implementation 'rmw_fastrtps_cpp' as default
-- Found ament_lint_auto: 0.12.11 (/opt/ros/humble/share/ament_lint_auto/cmake)
-- Added test 'cppcheck' to perform static code analysis on C / C++ code
-- Configured cppcheck include dirs: /home/wufy/learn_ros2/chap_node/src/demo_cpp_pkg/include
-- Configured cppcheck exclude dirs and/or files: 
-- Added test 'flake8' to check Python code syntax and style conventions
-- Added test 'lint_cmake' to check CMake code style
-- Added test 'pep257' to check Python code against some of the docstring style conventions in PEP 257
-- Added test 'uncrustify' to check C / C++ code style
-- Configured uncrustify additional arguments: 
-- Added test 'xmllint' to check XML markup files
-- Configuring done
-- Generating done
-- Build files have been written to: /home/wufy/learn_ros2/chap_node/build/demo_cpp_pkg
[35m[1mConsolidate compiler generated dependencies of target learn_lambda[0m
[35m[1mConsolidate compiler generated dependencies of target demo_cpp_node[0m
[35m[1mConsolidate compiler generated dependencies of target person_node[0m
[ 12%] [32mBuilding CXX object CMakeFiles/learn_thread.dir/src/learn_thread.cpp.o[0m
[ 25%] [32mBuilding CXX object CMakeFiles/learn_lambda.dir/src/learn_lambda.cpp.o[0m
[ 50%] [32mBuilding CXX object CMakeFiles/person_node.dir/src/person_node.cpp.o[0m
[ 50%] [32mBuilding CXX object CMakeFiles/demo_cpp_node.dir/src/cpp_node.cpp.o[0m
[ 62%] [32m[1mLinking CXX executable learn_lambda[0m
[ 62%] Built target learn_lambda
[01m[K/home/wufy/learn_ros2/chap_node/src/demo_cpp_pkg/src/learn_thread.cpp:[m[K In function ‚Äò[01m[Kint main()[m[K‚Äô:
[01m[K/home/wufy/learn_ros2/chap_node/src/demo_cpp_pkg/src/learn_thread.cpp:36:24:[m[K [01;31m[Kerror: [m[Kno matching function for call to ‚Äò[01m[KDownload::start_download(const char [31], main()::<lambda(const string&, const string&)>&)[m[K‚Äô
   36 |        [01;31m[Kd.start_download("http://0.0.0.0:8000/novel1.txt",word_counter)[m[K;
      |        [01;31m[K~~~~~~~~~~~~~~~~^~~~~~~~~~~~~~~~~~~~~~~~~~~~~~~~~~~~~~~~~~~~~~~[m[K
[01m[K/home/wufy/learn_ros2/chap_node/src/demo_cpp_pkg/src/learn_thread.cpp:21:14:[m[K [01;36m[Knote: [m[Kcandidate: ‚Äò[01m[Kvoid Download::start_download(const string&, const string&, const std::function<void(const std::__cxx11::basic_string<char>&, const std::__cxx11::basic_string<char>&)>&)[m[K‚Äô
   21 |         void [01;36m[Kstart_download[m[K(const std::string& host, const std::string& path, const std::function<void(const std::string&, const std::string&)>& callback)
      |              [01;36m[K^~~~~~~~~~~~~~[m[K
[01m[K/home/wufy/learn_ros2/chap_node/src/demo_cpp_pkg/src/learn_thread.cpp:21:14:[m[K [01;36m[Knote: [m[K  candidate expects 3 arguments, 2 provided
[01m[K/home/wufy/learn_ros2/chap_node/src/demo_cpp_pkg/src/learn_thread.cpp:37:24:[m[K [01;31m[Kerror: [m[Kno matching function for call to ‚Äò[01m[KDownload::start_download(const char [31], main()::<lambda(const string&, const string&)>&)[m[K‚Äô
   37 |        [01;31m[Kd.start_download("http://0.0.0.0:8000/novel3.txt",word_counter)[m[K;
      |        [01;31m[K~~~~~~~~~~~~~~~~^~~~~~~~~~~~~~~~~~~~~~~~~~~~~~~~~~~~~~~~~~~~~~~[m[K
[01m[K/home/wufy/learn_ros2/chap_node/src/demo_cpp_pkg/src/learn_thread.cpp:21:14:[m[K [01;36m[Knote: [m[Kcandidate: ‚Äò[01m[Kvoid Download::start_download(const string&, const string&, const std::function<void(const std::__cxx11::basic_string<char>&, const std::__cxx11::basic_string<char>&)>&)[m[K‚Äô
   21 |         void [01;36m[Kstart_download[m[K(const std::string& host, const std::string& path, const std::function<void(const std::string&, const std::string&)>& callback)
      |              [01;36m[K^~~~~~~~~~~~~~[m[K
[01m[K/home/wufy/learn_ros2/chap_node/src/demo_cpp_pkg/src/learn_thread.cpp:21:14:[m[K [01;36m[Knote: [m[K  candidate expects 3 arguments, 2 provided
[01m[K/home/wufy/learn_ros2/chap_node/src/demo_cpp_pkg/src/learn_thread.cpp:38:24:[m[K [01;31m[Kerror: [m[Kno matching function for call to ‚Äò[01m[KDownload::start_download(const char [31], main()::<lambda(const string&, const string&)>&)[m[K‚Äô
   38 |        [01;31m[Kd.start_download("http://0.0.0.0:8000/novel2.txt",word_counter)[m[K;
      |        [01;31m[K~~~~~~~~~~~~~~~~^~~~~~~~~~~~~~~~~~~~~~~~~~~~~~~~~~~~~~~~~~~~~~~[m[K
[01m[K/home/wufy/learn_ros2/chap_node/src/demo_cpp_pkg/src/learn_thread.cpp:21:14:[m[K [01;36m[Knote: [m[Kcandidate: ‚Äò[01m[Kvoid Download::start_download(const string&, const string&, const std::function<void(const std::__cxx11::basic_string<char>&, const std::__cxx11::basic_string<char>&)>&)[m[K‚Äô
   21 |         void [01;36m[Kstart_download[m[K(const std::string& host, const std::string& path, const std::function<void(const std::string&, const std::string&)>& callback)
      |              [01;36m[K^~~~~~~~~~~~~~[m[K
[01m[K/home/wufy/learn_ros2/chap_node/src/demo_cpp_pkg/src/learn_thread.cpp:21:14:[m[K [01;36m[Knote: [m[K  candidate expects 3 arguments, 2 provided
gmake[2]: *** [CMakeFiles/learn_thread.dir/build.make:76ÔºöCMakeFiles/learn_thread.dir/src/learn_thread.cpp.o] ÈîôËØØ 1
gmake[1]: *** [CMakeFiles/Makefile2:221ÔºöCMakeFiles/learn_thread.dir/all] ÈîôËØØ 2
gmake[1]: *** Ê≠£Âú®Á≠âÂæÖÊú™ÂÆåÊàêÁöÑ‰ªªÂä°....
[ 75%] [32m[1mLinking CXX executable demo_cpp_node[0m
[ 87%] [32m[1mLinking CXX executable person_node[0m
[ 87%] Built target demo_cpp_node
[ 87%] Built target person_node
gmake: *** [Makefile:146Ôºöall] ÈîôËØØ 2
