[01m[K/mnt/c/Users/wufy/Desktop/learn_ros2/learn_ros2/chap_topic/src/demo_cpp_topic/src/turtle_circle_node.cpp:5:10:[m[K [01;31m[Kfatal error: [m[Kturtlesim/msg/pose.hpp: No such file or directory
    5 | #include [01;31m[K<turtlesim/msg/pose.hpp>[m[K
      |          [01;31m[K^~~~~~~~~~~~~~~~~~~~~~~~[m[K
compilation terminated.
gmake[2]: *** [CMakeFiles/turtle_circle_node.dir/build.make:76: CMakeFiles/turtle_circle_node.dir/src/turtle_circle_node.cpp.o] Error 1
gmake[1]: *** [CMakeFiles/Makefile2:137: CMakeFiles/turtle_circle_node.dir/all] Error 2
gmake: *** [Makefile:146: all] Error 2
