[0.008s] Invoking command in '/home/wufy/learn_ros2/learn_ros2/chap_topic/build/status_display': CMAKE_PREFIX_PATH=/home/wufy/learn_ros2/learn_ros2/chap_topic/install/status_interfaces:/home/wufy/learn_ros2/learn_ros2/chap_topic/install/status_display:/home/wufy/learn_ros2/learn_ros2/chap_topic/install/demo_cpp_topic:/home/wufy/learn_ros2/learn_ros2/chap_topic/install/status_pulisher:/home/wufy/learn_ros2/learn_ros2/chap_topic/install/demo_python_topic:/opt/ros/humble /usr/bin/cmake --build /home/wufy/learn_ros2/learn_ros2/chap_topic/build/status_display -- -j16 -l16
[0.041s] [35m[1mConsolidate compiler generated dependencies of target sys_status_display[0m
[0.052s] [ 50%] Built target hello_qt
[0.053s] [ 75%] [32mBuilding CXX object CMakeFiles/sys_status_display.dir/src/sys_status_display.cpp.o[0m
[1.828s] [01m[K/home/wufy/learn_ros2/learn_ros2/chap_topic/src/status_display/src/sys_status_display.cpp:[m[K In member function ‚Äò[01m[KQString SystemStatusDisplay::get_qstr_from_msg(status_interfaces::msg::SystemStatus_<std::allocator<void> >::SharedPtr)[m[K‚Äô:
[1.828s] [01m[K/home/wufy/learn_ros2/learn_ros2/chap_topic/src/status_display/src/sys_status_display.cpp:31:48:[m[K [01;31m[Kerror: [m[K‚Äò[01m[Kusing element_type = struct status_interfaces::msg::SystemStatus_<std::allocator<void> >[m[K‚Äô {aka ‚Äò[01m[Kstruct status_interfaces::msg::SystemStatus_<std::allocator<void> >[m[K‚Äô} has no member named ‚Äò[01m[Kstamp[m[K‚Äô
[1.828s]    31 |         "Êï∞ÊçÆÊó∂Èó¥: "<<msg->time.sec<<"."<<msg->[01;31m[Kstamp[m[K.nanosec/1000000<<"\ts\n"<<
[1.828s]       |                                                [01;31m[K^~~~~[m[K
[3.337s] gmake[2]: *** [CMakeFiles/sys_status_display.dir/build.make:76ÔºöCMakeFiles/sys_status_display.dir/src/sys_status_display.cpp.o] ÈîôËØØ 1
[3.337s] gmake[1]: *** [CMakeFiles/Makefile2:165ÔºöCMakeFiles/sys_status_display.dir/all] ÈîôËØØ 2
[3.338s] gmake: *** [Makefile:146Ôºöall] ÈîôËØØ 2
[3.340s] Invoked command in '/home/wufy/learn_ros2/learn_ros2/chap_topic/build/status_display' returned '2': CMAKE_PREFIX_PATH=/home/wufy/learn_ros2/learn_ros2/chap_topic/install/status_interfaces:/home/wufy/learn_ros2/learn_ros2/chap_topic/install/status_display:/home/wufy/learn_ros2/learn_ros2/chap_topic/install/demo_cpp_topic:/home/wufy/learn_ros2/learn_ros2/chap_topic/install/status_pulisher:/home/wufy/learn_ros2/learn_ros2/chap_topic/install/demo_python_topic:/opt/ros/humble /usr/bin/cmake --build /home/wufy/learn_ros2/learn_ros2/chap_topic/build/status_display -- -j16 -l16
