[35m[1mConsolidate compiler generated dependencies of target sys_status_display[0m
[ 50%] Built target hello_qt
[ 75%] [32mBuilding CXX object CMakeFiles/sys_status_display.dir/src/sys_status_display.cpp.o[0m
[01m[K/home/wufy/learn_ros2/learn_ros2/chap_topic/src/status_display/src/sys_status_display.cpp:[m[K In constructor â€˜[01m[KSystemStatusDisplay::SystemStatusDisplay()[m[Kâ€™:
[01m[K/home/wufy/learn_ros2/learn_ros2/chap_topic/src/status_display/src/sys_status_display.cpp:24:70:[m[K [01;31m[Kerror: [m[Kexpected â€˜[01m[K)[m[Kâ€™ before â€˜[01m[K;[m[Kâ€™ token
   24 |         label_->setText(get_qstr_from_msg( SystemStatus::SharedPtr())[01;31m[K;[m[K
      |                                                                      [01;31m[K^[m[K
[01m[K/home/wufy/learn_ros2/learn_ros2/chap_topic/src/status_display/src/sys_status_display.cpp:24:24:[m[K [01;36m[Knote: [m[Kto match this â€˜[01m[K([m[Kâ€™
   24 |         label_->setText[01;36m[K([m[Kget_qstr_from_msg( SystemStatus::SharedPtr());
      |                        [01;36m[K^[m[K
gmake[2]: *** [CMakeFiles/sys_status_display.dir/build.make:76ï¼šCMakeFiles/sys_status_display.dir/src/sys_status_display.cpp.o] é”™è¯¯ 1
gmake[1]: *** [CMakeFiles/Makefile2:165ï¼šCMakeFiles/sys_status_display.dir/all] é”™è¯¯ 2
gmake: *** [Makefile:146ï¼šall] é”™è¯¯ 2
