[0.008s] Invoking command in '/home/wufy/learn_ros2/learn_ros2/chap_topic/build/status_display': CMAKE_PREFIX_PATH=/home/wufy/learn_ros2/learn_ros2/chap_topic/install/status_interfaces:/home/wufy/learn_ros2/learn_ros2/chap_topic/install/status_display:/home/wufy/learn_ros2/learn_ros2/chap_topic/install/demo_cpp_topic:/home/wufy/learn_ros2/learn_ros2/chap_topic/install/status_pulisher:/home/wufy/learn_ros2/learn_ros2/chap_topic/install/demo_python_topic:/opt/ros/humble /usr/bin/cmake --build /home/wufy/learn_ros2/learn_ros2/chap_topic/build/status_display -- -j16 -l16
[0.042s] [35m[1mConsolidate compiler generated dependencies of target sys_status_display[0m
[0.050s] [ 50%] Built target hello_qt
[0.054s] [ 75%] [32mBuilding CXX object CMakeFiles/sys_status_display.dir/src/sys_status_display.cpp.o[0m
[1.851s] [01m[K/home/wufy/learn_ros2/learn_ros2/chap_topic/src/status_display/src/sys_status_display.cpp:[m[K In constructor â€˜[01m[KSystemStatusDisplay::SystemStatusDisplay()[m[Kâ€™:
[1.851s] [01m[K/home/wufy/learn_ros2/learn_ros2/chap_topic/src/status_display/src/sys_status_display.cpp:24:70:[m[K [01;31m[Kerror: [m[Kexpected â€˜[01m[K)[m[Kâ€™ before â€˜[01m[K;[m[Kâ€™ token
[1.851s]    24 |         label_->setText(get_qstr_from_msg( SystemStatus::SharedPtr())[01;31m[K;[m[K
[1.851s]       |                                                                      [01;31m[K^[m[K
[1.851s] [01m[K/home/wufy/learn_ros2/learn_ros2/chap_topic/src/status_display/src/sys_status_display.cpp:24:24:[m[K [01;36m[Knote: [m[Kto match this â€˜[01m[K([m[Kâ€™
[1.851s]    24 |         label_->setText[01;36m[K([m[Kget_qstr_from_msg( SystemStatus::SharedPtr());
[1.851s]       |                        [01;36m[K^[m[K
[3.362s] gmake[2]: *** [CMakeFiles/sys_status_display.dir/build.make:76ï¼šCMakeFiles/sys_status_display.dir/src/sys_status_display.cpp.o] é”™è¯¯ 1
[3.363s] gmake[1]: *** [CMakeFiles/Makefile2:165ï¼šCMakeFiles/sys_status_display.dir/all] é”™è¯¯ 2
[3.363s] gmake: *** [Makefile:146ï¼šall] é”™è¯¯ 2
[3.364s] Invoked command in '/home/wufy/learn_ros2/learn_ros2/chap_topic/build/status_display' returned '2': CMAKE_PREFIX_PATH=/home/wufy/learn_ros2/learn_ros2/chap_topic/install/status_interfaces:/home/wufy/learn_ros2/learn_ros2/chap_topic/install/status_display:/home/wufy/learn_ros2/learn_ros2/chap_topic/install/demo_cpp_topic:/home/wufy/learn_ros2/learn_ros2/chap_topic/install/status_pulisher:/home/wufy/learn_ros2/learn_ros2/chap_topic/install/demo_python_topic:/opt/ros/humble /usr/bin/cmake --build /home/wufy/learn_ros2/learn_ros2/chap_topic/build/status_display -- -j16 -l16
