[0.009s] Invoking command in '/home/wufy/learn_ros2/learn_ros2/chap_topic/build/status_display': CMAKE_PREFIX_PATH=/home/wufy/learn_ros2/learn_ros2/chap_topic/install/status_interfaces:/home/wufy/learn_ros2/learn_ros2/chap_topic/install/status_display:/home/wufy/learn_ros2/learn_ros2/chap_topic/install/demo_cpp_topic:/home/wufy/learn_ros2/learn_ros2/chap_topic/install/status_pulisher:/home/wufy/learn_ros2/learn_ros2/chap_topic/install/demo_python_topic:/opt/ros/humble /usr/bin/cmake --build /home/wufy/learn_ros2/learn_ros2/chap_topic/build/status_display -- -j16 -l16
[0.047s] [ 75%] [32mBuilding CXX object CMakeFiles/sys_status_display.dir/src/sys_status_display.cpp.o[0m
[0.047s] [ 75%] Built target hello_qt
[1.808s] [01m[K/home/wufy/learn_ros2/learn_ros2/chap_topic/src/status_display/src/sys_status_display.cpp:[m[K In member function â€˜[01m[KQString SystemStatusDisplay::get_qstr_from_msg(status_interfaces::msg::SystemStatus_<std::allocator<void> >::SharedPtr)[m[Kâ€™:
[1.808s] [01m[K/home/wufy/learn_ros2/learn_ros2/chap_topic/src/status_display/src/sys_status_display.cpp:31:28:[m[K [01;31m[Kerror: [m[Kâ€˜[01m[Kusing element_type = struct status_interfaces::msg::SystemStatus_<std::allocator<void> >[m[Kâ€™ {aka â€˜[01m[Kstruct status_interfaces::msg::SystemStatus_<std::allocator<void> >[m[Kâ€™} has no member named â€˜[01m[Kstamp[m[Kâ€™
[1.808s]    31 |         "æ•°æ®æ—¶é—´: "<<msg->[01;31m[Kstamp[m[K.sec<<"."<<msg->stamp.nanosec/1000000<<"\ts\n"<<
[1.808s]       |                            [01;31m[K^~~~~[m[K
[1.808s] [01m[K/home/wufy/learn_ros2/learn_ros2/chap_topic/src/status_display/src/sys_status_display.cpp:31:49:[m[K [01;31m[Kerror: [m[Kâ€˜[01m[Kusing element_type = struct status_interfaces::msg::SystemStatus_<std::allocator<void> >[m[Kâ€™ {aka â€˜[01m[Kstruct status_interfaces::msg::SystemStatus_<std::allocator<void> >[m[Kâ€™} has no member named â€˜[01m[Kstamp[m[Kâ€™
[1.808s]    31 |         "æ•°æ®æ—¶é—´: "<<msg->stamp.sec<<"."<<msg->[01;31m[Kstamp[m[K.nanosec/1000000<<"\ts\n"<<
[1.808s]       |                                                 [01;31m[K^~~~~[m[K
[3.304s] gmake[2]: *** [CMakeFiles/sys_status_display.dir/build.make:76ï¼šCMakeFiles/sys_status_display.dir/src/sys_status_display.cpp.o] é”™è¯¯ 1
[3.304s] gmake[1]: *** [CMakeFiles/Makefile2:165ï¼šCMakeFiles/sys_status_display.dir/all] é”™è¯¯ 2
[3.304s] gmake: *** [Makefile:146ï¼šall] é”™è¯¯ 2
[3.307s] Invoked command in '/home/wufy/learn_ros2/learn_ros2/chap_topic/build/status_display' returned '2': CMAKE_PREFIX_PATH=/home/wufy/learn_ros2/learn_ros2/chap_topic/install/status_interfaces:/home/wufy/learn_ros2/learn_ros2/chap_topic/install/status_display:/home/wufy/learn_ros2/learn_ros2/chap_topic/install/demo_cpp_topic:/home/wufy/learn_ros2/learn_ros2/chap_topic/install/status_pulisher:/home/wufy/learn_ros2/learn_ros2/chap_topic/install/demo_python_topic:/opt/ros/humble /usr/bin/cmake --build /home/wufy/learn_ros2/learn_ros2/chap_topic/build/status_display -- -j16 -l16
